Построение начато 29.04.2016 17:31:19.
     1>Проект "C:\Users\Nikita\Documents\Visual Studio 2010\Projects\TEXTWORK\TEXTWORK\TEXTWORK.vcxproj" в узле 2 (целевые объекты build).
     1>InitializeBuildStatus:
         Создание "Debug\TEXTWORK.unsuccessfulbuild", так как было задано "AlwaysCreate".
       ClCompile:
         Для всех выходных данных обновления не требуется.
         C:\Program Files (x86)\Microsoft Visual Studio 10.0\VC\bin\CL.exe /c /ZI /nologo /W3 /WX- /Od /Oy- /D WIN32 /D _DEBUG /D _CONSOLE /D _UNICODE /D UNICODE /Gm /EHsc /RTC1 /MDd /GS /fp:precise /Zc:wchar_t /Zc:forScope /Yu"StdAfx.h" /Fp"Debug\TEXTWORK.pch" /Fo"Debug\\" /Fd"Debug\vc100.pdb" /Gd /TP /analyze- /errorReport:prompt TEXTWORK.cpp
         TEXTWORK.cpp
     1>c:\users\nikita\documents\visual studio 2010\projects\textwork\textwork\textlink.h(40): warning C4996: 'strcpy': This function or variable may be unsafe. Consider using strcpy_s instead. To disable deprecation, use _CRT_SECURE_NO_WARNINGS. See online help for details.
                 c:\program files (x86)\microsoft visual studio 10.0\vc\include\string.h(105): см. объявление "strcpy"
     1>c:\users\nikita\documents\visual studio 2010\projects\textwork\textwork\textwork.cpp(6): warning C4068: неизвестная директива pragma
     1>c:\users\nikita\documents\visual studio 2010\projects\textwork\textwork\textwork.cpp(70): warning C4996: 'getch': The POSIX name for this item is deprecated. Instead, use the ISO C++ conformant name: _getch. See online help for details.
                 c:\program files (x86)\microsoft visual studio 10.0\vc\include\conio.h(128): см. объявление "getch"
     1>c:\users\nikita\documents\visual studio 2010\projects\textwork\textwork\textwork.cpp(72): warning C4996: 'getch': The POSIX name for this item is deprecated. Instead, use the ISO C++ conformant name: _getch. See online help for details.
                 c:\program files (x86)\microsoft visual studio 10.0\vc\include\conio.h(128): см. объявление "getch"
     1>c:\users\nikita\documents\visual studio 2010\projects\textwork\textwork\textwork.cpp(126): warning C4996: 'getch': The POSIX name for this item is deprecated. Instead, use the ISO C++ conformant name: _getch. See online help for details.
                 c:\program files (x86)\microsoft visual studio 10.0\vc\include\conio.h(128): см. объявление "getch"
     1>c:\users\nikita\documents\visual studio 2010\projects\textwork\textwork\textwork.cpp(117): warning C4101: pText: неиспользованная локальная переменная
       Link:
         C:\Program Files (x86)\Microsoft Visual Studio 10.0\VC\bin\link.exe /ERRORREPORT:PROMPT /OUT:"C:\Users\Nikita\Documents\Visual Studio 2010\Projects\TEXTWORK\Debug\TEXTWORK.exe" /INCREMENTAL:NO /NOLOGO kernel32.lib user32.lib gdi32.lib winspool.lib comdlg32.lib advapi32.lib shell32.lib ole32.lib oleaut32.lib uuid.lib odbc32.lib odbccp32.lib /MANIFEST /ManifestFile:"Debug\TEXTWORK.exe.intermediate.manifest" /MANIFESTUAC:"level='asInvoker' uiAccess='false'" /DEBUG /PDB:"C:\Users\Nikita\Documents\Visual Studio 2010\Projects\TEXTWORK\Debug\TEXTWORK.pdb" /SUBSYSTEM:CONSOLE /TLBID:1 /DYNAMICBASE /NXCOMPAT /IMPLIB:"C:\Users\Nikita\Documents\Visual Studio 2010\Projects\TEXTWORK\Debug\TEXTWORK.lib" /MACHINE:X86 Debug\datacom.obj
         Debug\datvalue.obj
         Debug\stdafx.obj
         Debug\texters.obj
         Debug\TEXTWORK.obj
         Debug\TText.obj
         Debug\textlink.obj
         Debug\TTextMem.obj
     1>datacom.obj : warning LNK4075: не учитывается "/EDITANDCONTINUE" из-за спецификации "/INCREMENTAL:NO"
         TEXTWORK.vcxproj -> C:\Users\Nikita\Documents\Visual Studio 2010\Projects\TEXTWORK\Debug\TEXTWORK.exe
       Manifest:
         C:\Program Files (x86)\Microsoft SDKs\Windows\v7.0A\bin\mt.exe /nologo /verbose /outputresource:"C:\Users\Nikita\Documents\Visual Studio 2010\Projects\TEXTWORK\Debug\TEXTWORK.exe;#1" /manifest Debug\TEXTWORK.exe.intermediate.manifest
       FinalizeBuildStatus:
         Файл "Debug\TEXTWORK.unsuccessfulbuild" удаляется.
         Обращение к "Debug\TEXTWORK.lastbuildstate".
     1>Построение проекта "C:\Users\Nikita\Documents\Visual Studio 2010\Projects\TEXTWORK\TEXTWORK\TEXTWORK.vcxproj" завершено (целевые объекты build).

Построение успешно завершено.

Затраченное время: 00:00:01.19
